#
# A fatal error has been detected by the Java Runtime Environment:
#
#  EXCEPTION_ACCESS_VIOLATION (0xc0000005) at pc=0x00007fff8e3fc6a0, pid=5536, tid=9140
#
# JRE version: OpenJDK Runtime Environment (15.0.2+7) (build 15.0.2+7-27)
# Java VM: OpenJDK 64-Bit Server VM (15.0.2+7-27, mixed mode, sharing, tiered, compressed oops, parallel gc, windows-amd64)
# Problematic frame:
# V  [jvm.dll+0x65c6a0]
#
# No core dump will be written. Minidumps are not enabled by default on client versions of Windows
#
# If you would like to submit a bug report, please visit:
#   https://bugreport.java.com/bugreport/crash.jsp
#

---------------  S U M M A R Y ------------

Command Line: --add-modules=ALL-SYSTEM --add-opens=java.base/java.util=ALL-UNNAMED --add-opens=java.base/java.lang=ALL-UNNAMED -Declipse.application=org.eclipse.jdt.ls.core.id1 -Dosgi.bundles.defaultStartLevel=4 -Declipse.product=org.eclipse.jdt.ls.core.product -Dfile.encoding=utf8 -DwatchParentProcess=false -XX:+UseParallelGC -XX:GCTimeRatio=4 -XX:AdaptiveSizePolicyWeight=90 -Dsun.zip.disableMemoryMapping=true -Xmx1G -Xms100m c:\Users\Owner\.vscode\extensions\redhat.java-0.74.0\server\plugins\org.eclipse.equinox.launcher_1.6.0.v20200915-1508.jar -configuration c:\Users\Owner\AppData\Roaming\Code\User\globalStorage\redhat.java\0.74.0\config_win -data c:\Users\Owner\AppData\Roaming\Code\User\workspaceStorage\5c16b73229cd9124416035a6bde215f1\redhat.java\jdt_ws

Host: Intel(R) Core(TM) i7-7700HQ CPU @ 2.80GHz, 8 cores, 15G,  Windows 10 , 64 bit Build 19041 (10.0.19041.662)
Time: Sat Jan 30 17:53:01 2021 GMT Standard Time elapsed time: 11583.774002 seconds (0d 3h 13m 3s)

---------------  T H R E A D  ---------------

Current thread (0x000001bc9c142330):  GCTaskThread "GC Thread#1" [stack: 0x0000002f9e600000,0x0000002f9e700000] [id=9140]

Stack: [0x0000002f9e600000,0x0000002f9e700000],  sp=0x0000002f9e6ff9e0,  free space=1022k
Native frames: (J=compiled Java code, j=interpreted, Vv=VM code, C=native code)
V  [jvm.dll+0x65c6a0]
V  [jvm.dll+0x65d2be]
V  [jvm.dll+0x667449]
V  [jvm.dll+0x668363]
V  [jvm.dll+0x7adfc0]
V  [jvm.dll+0x73d75a]
V  [jvm.dll+0x629c56]
C  [ucrtbase.dll+0x214c2]
C  [KERNEL32.DLL+0x17034]
C  [ntdll.dll+0x4d0d1]


siginfo: EXCEPTION_ACCESS_VIOLATION (0xc0000005), reading address 0xffffffffffffffff


Register to memory mapping:

RIP=0x00007fff8e3fc6a0 jvm.dll
RAX=0x1fffffffe8000000 is an unknown value
RBX=0x0000000000000001 is an unknown value
RCX=0x0 is NULL
RDX=0x00000000c02f1e60 is pointing into object: java.lang.Class 
{0x00000000c02f1e30} - klass: 'java/lang/Class'
RSP=0x0000002f9e6ff9e0 points into unknown readable memory: 0x0000000000000003 | 03 00 00 00 00 00 00 00
RBP=0x00000000c02f1e9c is pointing into object: java.lang.Class 
{0x00000000c02f1e30} - klass: 'java/lang/Class'
RSI=0x00000008000146a0 is pointing into metadata
RDI=0x000001bc9a0bcfe0 points into unknown readable memory: 0x000001bcfffad9b0 | b0 d9 fa ff bc 01 00 00
R8 =0x000001bc975c0000 points into unknown readable memory: 0x0000000000000001 | 01 00 00 00 00 00 00 00
R9 =0x007fffffffa00000 is an unknown value
R10=0x000000000000005e is an unknown value
R11=0x0000000000000008 is an unknown value
R12=0x0000002f9d7fef80 points into unknown readable memory: 0x0000000000000008 | 08 00 00 00 00 00 00 00
R13=0x0000000000000010 is an unknown value
R14=0x00000000c02f1e30 is an oop: java.lang.Class 
{0x00000000c02f1e30} - klass: 'java/lang/Class'
R15=0x00000008000146a8 is pointing into metadata


Registers:
RAX=0x1fffffffe8000000, RBX=0x0000000000000001, RCX=0x0000000000000000, RDX=0x00000000c02f1e60
RSP=0x0000002f9e6ff9e0, RBP=0x00000000c02f1e9c, RSI=0x00000008000146a0, RDI=0x000001bc9a0bcfe0
R8 =0x000001bc975c0000, R9 =0x007fffffffa00000, R10=0x000000000000005e, R11=0x0000000000000008
R12=0x0000002f9d7fef80, R13=0x0000000000000010, R14=0x00000000c02f1e30, R15=0x00000008000146a8
RIP=0x00007fff8e3fc6a0, EFLAGS=0x0000000000010206

Top of Stack: (sp=0x0000002f9e6ff9e0)
0x0000002f9e6ff9e0:   0000000000000003 000001bc9a0bcfe0
0x0000002f9e6ff9f0:   0000000000000002 00000000c02f1e30
0x0000002f9e6ffa00:   0000002f9e6ffa80 00007fff8e3fd2be
0x0000002f9e6ffa10:   00000000c02f1e60 000001bc9a0bcfe0
0x0000002f9e6ffa20:   000000000000000c 0000002f9d7fef80
0x0000002f9e6ffa30:   00007fff8e7b55b0 000000000000000c
0x0000002f9e6ffa40:   00007fff8e677518 00007fff8e407449
0x0000002f9e6ffa50:   000001bc9a0bcfe0 00000000c0f8b208
0x0000002f9e6ffa60:   0000000000000002 0000dccb0000ebed
0x0000002f9e6ffa70:   00000000c0f7f1f8 0000000000002800
0x0000002f9e6ffa80:   00007fff8e677518 000001bcffed9590
0x0000002f9e6ffa90:   000001bc00000003 000001bc9a0bcfe0
0x0000002f9e6ffaa0:   0000000000000002 000001bc9c142330
0x0000002f9e6ffab0:   0000002f9d7fef50 0000000000000000
0x0000002f9e6ffac0:   00000000000075a3 00007fff8e408363
0x0000002f9e6ffad0:   000001bc9c142330 0000002f9e6ffe90 

Instructions: (pc=0x00007fff8e3fc6a0)
0x00007fff8e3fc5a0:   c2 4c 8d 0d c8 10 00 00 49 0f 45 c1 48 89 05 f5
0x00007fff8e3fc5b0:   8f 3b 00 49 3b c2 0f 84 04 12 00 00 48 ff e0 cc
0x00007fff8e3fc5c0:   80 3d 19 6a 42 00 00 4c 8d 15 82 12 00 00 49 8b
0x00007fff8e3fc5d0:   c2 4c 8d 0d 38 11 00 00 49 0f 45 c1 48 89 05 f5
0x00007fff8e3fc5e0:   8f 3b 00 49 3b c2 0f 84 64 12 00 00 48 ff e0 cc
0x00007fff8e3fc5f0:   80 3d e9 69 42 00 00 4c 8d 15 72 db 9a ff 49 8b
0x00007fff8e3fc600:   c2 4c 8d 0d 68 db 9a ff 49 0f 45 c1 48 89 05 8d
0x00007fff8e3fc610:   8f 3b 00 49 3b c2 74 03 48 ff e0 c3 cc cc cc cc
0x00007fff8e3fc620:   80 3d b9 69 42 00 00 4c 8d 15 42 db 9a ff 49 8b
0x00007fff8e3fc630:   c2 4c 8d 0d 38 db 9a ff 49 0f 45 c1 48 89 05 8d
0x00007fff8e3fc640:   8f 3b 00 49 3b c2 74 03 48 ff e0 c3 cc cc cc cc
0x00007fff8e3fc650:   40 57 48 83 ec 20 8b 02 48 8b f9 85 c0 74 67 8b
0x00007fff8e3fc660:   0d ab f3 39 00 4c 8b 05 a4 f8 43 00 48 89 5c 24
0x00007fff8e3fc670:   30 8b d8 48 d3 e3 48 03 1d 8b f3 39 00 8b 0d 75
0x00007fff8e3fc680:   03 3a 00 48 8b c3 49 2b 00 4d 8b 40 10 48 c1 e8
0x00007fff8e3fc690:   03 48 d3 e8 4c 8b c8 24 3f 49 c1 e9 06 0f b6 c8
0x00007fff8e3fc6a0:   4b 8b 04 c8 48 0f a3 c8 72 17 48 8b cb e8 fe 29
0x00007fff8e3fc6b0:   00 00 84 c0 74 0b 48 8b d3 48 8b cf e8 6f 2b 00
0x00007fff8e3fc6c0:   00 48 8b 5c 24 30 48 83 c4 20 5f c3 cc cc cc cc
0x00007fff8e3fc6d0:   48 89 5c 24 08 57 48 83 ec 20 48 8b 1a 48 8b f9
0x00007fff8e3fc6e0:   48 85 db 74 4b 4c 8b 05 24 f8 43 00 48 8b c3 8b
0x00007fff8e3fc6f0:   0d 03 03 3a 00 49 2b 00 4d 8b 40 10 48 c1 e8 03
0x00007fff8e3fc700:   48 d3 e8 4c 8b c8 24 3f 49 c1 e9 06 0f b6 c8 4b
0x00007fff8e3fc710:   8b 04 c8 48 0f a3 c8 72 17 48 8b cb e8 8f 29 00
0x00007fff8e3fc720:   00 84 c0 74 0b 48 8b d3 48 8b cf e8 00 2b 00 00
0x00007fff8e3fc730:   48 8b 5c 24 30 48 83 c4 20 5f c3 cc cc cc cc cc
0x00007fff8e3fc740:   40 53 56 57 41 54 41 56 48 83 ec 20 49 8b f8 4c
0x00007fff8e3fc750:   89 7c 24 60 45 8b 40 10 4c 8b f2 4c 8b e1 48 8b
0x00007fff8e3fc760:   d7 48 8b 89 98 00 00 00 45 33 c9 e8 a0 ce b6 ff
0x00007fff8e3fc770:   4d 63 54 24 10 4d 63 8c 24 24 01 00 00 49 83 c2
0x00007fff8e3fc780:   39 41 8b 84 24 20 01 00 00 4d 03 d1 49 03 c2 4b
0x00007fff8e3fc790:   8d 34 d4 4d 8d 3c c4 49 3b f7 73 49 48 89 6c 24 


Stack slot to memory mapping:
stack at sp + 0 slots: 0x0000000000000003 is an unknown value
stack at sp + 1 slots: 0x000001bc9a0bcfe0 points into unknown readable memory: 0x000001bcfffad9b0 | b0 d9 fa ff bc 01 00 00
stack at sp + 2 slots: 0x0000000000000002 is an unknown value
stack at sp + 3 slots: 0x00000000c02f1e30 is an oop: java.lang.Class 
{0x00000000c02f1e30} - klass: 'java/lang/Class'
stack at sp + 4 slots: 0x0000002f9e6ffa80 points into unknown readable memory: 0x00007fff8e677518 | 18 75 67 8e ff 7f 00 00
stack at sp + 5 slots: 0x00007fff8e3fd2be jvm.dll
stack at sp + 6 slots: 0x00000000c02f1e60 is pointing into object: java.lang.Class 
{0x00000000c02f1e30} - klass: 'java/lang/Class'
stack at sp + 7 slots: 0x000001bc9a0bcfe0 points into unknown readable memory: 0x000001bcfffad9b0 | b0 d9 fa ff bc 01 00 00


---------------  P R O C E S S  ---------------

Threads class SMR info:
_java_thread_list=0x000001bca4a46080, length=27, elements={
0x000001bcffedaa70, 0x000001bc9a1a8a50, 0x000001bc9a1a9cd0, 0x000001bc9bf955b0,
0x000001bc9bf96e80, 0x000001bc9bf97fe0, 0x000001bc9bf9deb0, 0x000001bc9bf9f090,
0x000001bc9bfd4770, 0x000001bc9c0c4f00, 0x000001bc9c1ba450, 0x000001bc9c6804c0,
0x000001bc9c98f380, 0x000001bc9ca32850, 0x000001bc9c6d9160, 0x000001bc9ca4dae0,
0x000001bc9d0109a0, 0x000001bc9c7fae50, 0x000001bc9c7fb320, 0x000001bc9c7fd4d0,
0x000001bca45da850, 0x000001bca45dad20, 0x000001bca45d7d00, 0x000001bca45d6020,
0x000001bc9c7f9fe0, 0x000001bca45dd3a0, 0x000001bca3372070
}

Java Threads: ( => current thread )
  0x000001bcffedaa70 JavaThread "main" [_thread_blocked, id=11972, stack(0x0000002f9d500000,0x0000002f9d600000)]
  0x000001bc9a1a8a50 JavaThread "Reference Handler" daemon [_thread_blocked, id=12476, stack(0x0000002f9d800000,0x0000002f9d900000)]
  0x000001bc9a1a9cd0 JavaThread "Finalizer" daemon [_thread_blocked, id=15528, stack(0x0000002f9d900000,0x0000002f9da00000)]
  0x000001bc9bf955b0 JavaThread "Signal Dispatcher" daemon [_thread_blocked, id=15092, stack(0x0000002f9da00000,0x0000002f9db00000)]
  0x000001bc9bf96e80 JavaThread "Attach Listener" daemon [_thread_blocked, id=13376, stack(0x0000002f9db00000,0x0000002f9dc00000)]
  0x000001bc9bf97fe0 JavaThread "Service Thread" daemon [_thread_blocked, id=15372, stack(0x0000002f9dc00000,0x0000002f9dd00000)]
  0x000001bc9bf9deb0 JavaThread "C2 CompilerThread0" daemon [_thread_blocked, id=14172, stack(0x0000002f9dd00000,0x0000002f9de00000)]
  0x000001bc9bf9f090 JavaThread "C1 CompilerThread0" daemon [_thread_blocked, id=14360, stack(0x0000002f9de00000,0x0000002f9df00000)]
  0x000001bc9bfd4770 JavaThread "Sweeper thread" daemon [_thread_blocked, id=3328, stack(0x0000002f9df00000,0x0000002f9e000000)]
  0x000001bc9c0c4f00 JavaThread "Common-Cleaner" daemon [_thread_blocked, id=17856, stack(0x0000002f9e000000,0x0000002f9e100000)]
  0x000001bc9c1ba450 JavaThread "Notification Thread" daemon [_thread_blocked, id=15640, stack(0x0000002f9e100000,0x0000002f9e200000)]
  0x000001bc9c6804c0 JavaThread "Active Thread: Equinox Container: bbf27a94-e78c-424f-a9c2-5b87d4d8251d" [_thread_blocked, id=676, stack(0x0000002f9e500000,0x0000002f9e600000)]
  0x000001bc9c98f380 JavaThread "Framework Event Dispatcher: Equinox Container: bbf27a94-e78c-424f-a9c2-5b87d4d8251d" daemon [_thread_blocked, id=744, stack(0x0000002f9e300000,0x0000002f9e400000)]
  0x000001bc9ca32850 JavaThread "Start Level: Equinox Container: bbf27a94-e78c-424f-a9c2-5b87d4d8251d" daemon [_thread_blocked, id=19300, stack(0x0000002f9e400000,0x0000002f9e500000)]
  0x000001bc9c6d9160 JavaThread "SCR Component Actor" daemon [_thread_blocked, id=8880, stack(0x0000002f9e900000,0x0000002f9ea00000)]
  0x000001bc9ca4dae0 JavaThread "Worker-JM" [_thread_blocked, id=1040, stack(0x0000002f9eb00000,0x0000002f9ec00000)]
  0x000001bc9d0109a0 JavaThread "Java indexing" daemon [_thread_blocked, id=292, stack(0x0000002f9f200000,0x0000002f9f300000)]
  0x000001bc9c7fae50 JavaThread "logback configurator timer" daemon [_thread_blocked, id=20348, stack(0x0000002f9ea00000,0x0000002f9eb00000)]
  0x000001bc9c7fb320 JavaThread "pool-2-thread-1" [_thread_in_native, id=9356, stack(0x0000002f9f500000,0x0000002f9f600000)]
  0x000001bc9c7fd4d0 JavaThread "Bundle File Closer" daemon [_thread_blocked, id=10952, stack(0x0000002f9f600000,0x0000002f9f700000)]
  0x000001bca45da850 JavaThread "Java Debug Server" daemon [_thread_in_native, id=8940, stack(0x0000002f9fc00000,0x0000002f9fd00000)]
  0x000001bca45dad20 JavaThread "RxSchedulerPurge-1" daemon [_thread_blocked, id=5920, stack(0x0000002f9fe00000,0x0000002f9ff00000)]
  0x000001bca45d7d00 JavaThread "RxCachedWorkerPoolEvictor-1" daemon [_thread_blocked, id=1324, stack(0x0000002f9ff00000,0x0000002fa0000000)]
  0x000001bca45d6020 JavaThread "ForkJoinPool.commonPool-worker-11" daemon [_thread_blocked, id=14188, stack(0x0000002f9f800000,0x0000002f9f900000)]
  0x000001bc9c7f9fe0 JavaThread "Worker-13" [_thread_blocked, id=6976, stack(0x0000002f9fd00000,0x0000002f9fe00000)]
  0x000001bca45dd3a0 JavaThread "Worker-14" [_thread_blocked, id=12856, stack(0x0000002fa0300000,0x0000002fa0400000)]
  0x000001bca3372070 JavaThread "C2 CompilerThread1" daemon [_thread_blocked, id=17908, stack(0x0000002f9d200000,0x0000002f9d300000)]

Other Threads:
  0x000001bcfffaec50 VMThread "VM Thread" [stack: 0x0000002f9d700000,0x0000002f9d800000] [id=2428]
  0x000001bc9c1ba920 WatcherThread [stack: 0x0000002f9e200000,0x0000002f9e300000] [id=13584]
  0x000001bcffeed470 GCTaskThread "GC Thread#0" [stack: 0x0000002f9d600000,0x0000002f9d700000] [id=16448]
=>0x000001bc9c142330 GCTaskThread "GC Thread#1" [stack: 0x0000002f9e600000,0x0000002f9e700000] [id=9140]
  0x000001bc9c142cc0 GCTaskThread "GC Thread#2" [stack: 0x0000002f9e700000,0x0000002f9e800000] [id=13664]
  0x000001bc9c143320 GCTaskThread "GC Thread#3" [stack: 0x0000002f9e800000,0x0000002f9e900000] [id=17088]
  0x000001bc9d0bdd10 GCTaskThread "GC Thread#4" [stack: 0x0000002f9ee00000,0x0000002f9ef00000] [id=14024]
  0x000001bc9d0be040 GCTaskThread "GC Thread#5" [stack: 0x0000002f9ef00000,0x0000002f9f000000] [id=6436]
  0x000001bc9d0bc6c0 GCTaskThread "GC Thread#6" [stack: 0x0000002f9f000000,0x0000002f9f100000] [id=19652]
  0x000001bc9d0bd050 GCTaskThread "GC Thread#7" [stack: 0x0000002f9f100000,0x0000002f9f200000] [id=16960]

Threads with active compile tasks:
C2 CompilerThread0  11583866 17045       4       org.eclipse.jdt.internal.compiler.parser.Parser::endParse (286 bytes)
C1 CompilerThread0  11583866 17050   !   3       org.eclipse.jdt.internal.compiler.util.Util::getInputStreamAsCharArray (259 bytes)
C2 CompilerThread1  11583867 17044 % !   4       org.eclipse.jdt.internal.compiler.parser.AbstractCommentParser::commentParse @ 347 (1844 bytes)

VM state: at safepoint (normal execution)

VM Mutex/Monitor currently owned by a thread:  ([mutex/lock_event])
[0x000001bcffed6100] Threads_lock - owner thread: 0x000001bcfffaec50
[0x000001bcffed56e0] Heap_lock - owner thread: 0x000001bca45d6020

Heap address: 0x00000000c0000000, size: 1024 MB, Compressed Oops mode: 32-bit
CDS archive(s) mapped at: [0x0000000800000000-0x0000000800b50000-0x0000000800b50000), size 11862016, SharedBaseAddress: 0x0000000800000000, ArchiveRelocationMode: 0.
Compressed class space mapped at: 0x0000000800b50000-0x0000000840b50000, size: 1073741824
Narrow klass base: 0x0000000800000000, Narrow klass shift: 3, Narrow klass range: 0x100000000

GC Precious Log:
 CPUs: 8 total, 8 available
 Memory: 16250M
 Large Page Support: Disabled
 NUMA Support: Disabled
 Compressed Oops: Enabled (32-bit)
 Heap Min Capacity: 100M
 Heap Initial Capacity: 100M
 Heap Max Capacity: 1G
 Pre-touch: Disabled
 Parallel Workers: 8

Heap:
 PSYoungGen      total 4608K, used 1832K [0x00000000eab00000, 0x00000000eb200000, 0x0000000100000000)
  eden space 2560K, 0% used [0x00000000eab00000,0x00000000eab00000,0x00000000ead80000)
  from space 2048K, 89% used [0x00000000eb000000,0x00000000eb1ca140,0x00000000eb200000)
  to   space 2048K, 0% used [0x00000000ead80000,0x00000000ead80000,0x00000000eaf80000)
 ParOldGen       total 112128K, used 111060K [0x00000000c0000000, 0x00000000c6d80000, 0x00000000eab00000)
  object space 112128K, 99% used [0x00000000c0000000,0x00000000c6c75068,0x00000000c6d80000)
 Metaspace       used 72154K, capacity 74846K, committed 75096K, reserved 1116160K
  class space    used 6949K, capacity 7992K, committed 8064K, reserved 1048576K

Card table byte_map: [0x000001bc97250000,0x000001bc97460000] _byte_map_base: 0x000001bc96c50000

Marking Bits: (ParMarkBitMap*) 0x00007fff8e83c0f0
 Begin Bits: [0x000001bc975c0000, 0x000001bc985c0000)
 End Bits:   [0x000001bc985c0000, 0x000001bc995c0000)

Polling page: 0x000001bcfe4c0000

Metaspace:

Usage:
  Non-class:     65.29 MB capacity,    63.68 MB ( 98%) used,     1.53 MB (  2%) free+waste,    86.94 KB ( <1%) overhead. 
      Class:      7.80 MB capacity,     6.79 MB ( 87%) used,  1008.80 KB ( 13%) free+waste,    33.62 KB ( <1%) overhead. 
       Both:     73.09 MB capacity,    70.46 MB ( 96%) used,     2.51 MB (  3%) free+waste,   120.56 KB ( <1%) overhead. 

Virtual space:
  Non-class space:       66.00 MB reserved,      65.46 MB (>99%) committed 
      Class space:        1.00 GB reserved,       7.88 MB ( <1%) committed 
             Both:        1.06 GB reserved,      73.34 MB (  7%) committed 

Chunk freelists:
   Non-Class:  50.00 KB
       Class:  8.00 KB
        Both:  58.00 KB

MaxMetaspaceSize: 17179869184.00 GB
CompressedClassSpaceSize: 1.00 GB

CodeHeap 'non-profiled nmethods': size=120000Kb used=12689Kb max_used=12689Kb free=107310Kb
 bounds [0x000001bc8fc30000, 0x000001bc908a0000, 0x000001bc97160000]
CodeHeap 'profiled nmethods': size=120000Kb used=27496Kb max_used=28637Kb free=92503Kb
 bounds [0x000001bc88700000, 0x000001bc8a310000, 0x000001bc8fc30000]
CodeHeap 'non-nmethods': size=5760Kb used=1398Kb max_used=1491Kb free=4361Kb
 bounds [0x000001bc88160000, 0x000001bc883d0000, 0x000001bc88700000]
 total_blobs=13578 nmethods=12869 adapters=619
 compilation: enabled
              stopped_count=0, restarted_count=0
 full_count=0

Compilation events (20 events):
Event: 11582.543 Thread 0x000001bc9bf9f090 17038       3       org.eclipse.jdt.internal.compiler.parser.JavadocParser::pushSeeRef (97 bytes)
Event: 11582.543 Thread 0x000001bc9bf9f090 nmethod 17038 0x000001bc8a29ff10 code [0x000001bc8a2a0120, 0x000001bc8a2a0908]
Event: 11582.546 Thread 0x000001bca3372070 17039       4       org.eclipse.jdt.internal.core.search.matching.MatchLocatorParser::consumeEnterVariable (109 bytes)
Event: 11582.547 Thread 0x000001bc9bf9f090 17040 %     2       org.eclipse.jdt.internal.compiler.parser.Parser::dispatchDeclarationInto @ 213 (449 bytes)
Event: 11582.548 Thread 0x000001bca3372070 nmethod 17039 0x000001bc9088fa90 code [0x000001bc9088fc20, 0x000001bc9088fd48]
Event: 11582.569 Thread 0x000001bc9bf9f090 nmethod 17040% 0x000001bc894fe110 code [0x000001bc894fe340, 0x000001bc894ff508]
Event: 11582.569 Thread 0x000001bca3372070 17042       4       org.eclipse.jdt.internal.compiler.ASTVisitor::endVisit (1 bytes)
Event: 11582.569 Thread 0x000001bc9bf9f090 17041       3       org.eclipse.jdt.internal.compiler.parser.Parser::consumeFormalParameter (657 bytes)
Event: 11582.569 Thread 0x000001bca3372070 nmethod 17042 0x000001bc9088fe90 code [0x000001bc90890000, 0x000001bc90890058]
Event: 11582.570 Thread 0x000001bca3372070 17043       4       org.eclipse.jdt.internal.compiler.ASTVisitor::endVisit (1 bytes)
Event: 11582.570 Thread 0x000001bca3372070 nmethod 17043 0x000001bc90890190 code [0x000001bc90890300, 0x000001bc90890358]
Event: 11582.618 Thread 0x000001bc9bf9f090 nmethod 17041 0x000001bc8a193290 code [0x000001bc8a193600, 0x000001bc8a195718]
Event: 11582.618 Thread 0x000001bca3372070 17044 % !   4       org.eclipse.jdt.internal.compiler.parser.AbstractCommentParser::commentParse @ 347 (1844 bytes)
Event: 11582.618 Thread 0x000001bc9bf9deb0 nmethod 17032 0x000001bc90890490 code [0x000001bc90890760, 0x000001bc90892e48]
Event: 11582.645 Thread 0x000001bc9bf9deb0 17045       4       org.eclipse.jdt.internal.compiler.parser.Parser::endParse (286 bytes)
Event: 11582.655 Thread 0x000001bc9bf9f090 17048       3       org.eclipse.jdt.internal.compiler.lookup.ReferenceBinding$$Lambda$115/0x0000000800d28040::compare (12 bytes)
Event: 11582.655 Thread 0x000001bc9bf9f090 nmethod 17048 0x000001bc8a1b6a90 code [0x000001bc8a1b6c40, 0x000001bc8a1b6f68]
Event: 11582.655 Thread 0x000001bc9bf9f090 17049       3       org.eclipse.jdt.internal.compiler.lookup.ReferenceBinding::lambda$0 (38 bytes)
Event: 11582.656 Thread 0x000001bc9bf9f090 nmethod 17049 0x000001bc8a192d90 code [0x000001bc8a192f40, 0x000001bc8a193168]
Event: 11582.672 Thread 0x000001bc9bf9f090 17050   !   3       org.eclipse.jdt.internal.compiler.util.Util::getInputStreamAsCharArray (259 bytes)

GC Heap History (20 events):
Event: 11580.136 GC heap after
{Heap after GC invocations=1794 (full 34):
 PSYoungGen      total 3584K, used 1696K [0x00000000eab00000, 0x00000000eb100000, 0x0000000100000000)
  eden space 1536K, 0% used [0x00000000eab00000,0x00000000eab00000,0x00000000eac80000)
  from space 2048K, 82% used [0x00000000eac80000,0x00000000eae28000,0x00000000eae80000)
  to   space 2048K, 0% used [0x00000000eaf00000,0x00000000eaf00000,0x00000000eb100000)
 ParOldGen       total 112128K, used 98006K [0x00000000c0000000, 0x00000000c6d80000, 0x00000000eab00000)
  object space 112128K, 87% used [0x00000000c0000000,0x00000000c5fb5ad8,0x00000000c6d80000)
 Metaspace       used 72135K, capacity 74846K, committed 75096K, reserved 1116160K
  class space    used 6949K, capacity 7992K, committed 8064K, reserved 1048576K
}
Event: 11580.149 GC heap before
{Heap before GC invocations=1795 (full 34):
 PSYoungGen      total 3584K, used 3231K [0x00000000eab00000, 0x00000000eb100000, 0x0000000100000000)
  eden space 1536K, 99% used [0x00000000eab00000,0x00000000eac7fff0,0x00000000eac80000)
  from space 2048K, 82% used [0x00000000eac80000,0x00000000eae28000,0x00000000eae80000)
  to   space 2048K, 0% used [0x00000000eaf00000,0x00000000eaf00000,0x00000000eb100000)
 ParOldGen       total 112128K, used 98006K [0x00000000c0000000, 0x00000000c6d80000, 0x00000000eab00000)
  object space 112128K, 87% used [0x00000000c0000000,0x00000000c5fb5ad8,0x00000000c6d80000)
 Metaspace       used 72135K, capacity 74846K, committed 75096K, reserved 1116160K
  class space    used 6949K, capacity 7992K, committed 8064K, reserved 1048576K
}
Event: 11580.157 GC heap after
{Heap after GC invocations=1795 (full 34):
 PSYoungGen      total 4096K, used 1600K [0x00000000eab00000, 0x00000000eb100000, 0x0000000100000000)
  eden space 2048K, 0% used [0x00000000eab00000,0x00000000eab00000,0x00000000ead00000)
  from space 2048K, 78% used [0x00000000eaf00000,0x00000000eb090000,0x00000000eb100000)
  to   space 2048K, 0% used [0x00000000ead00000,0x00000000ead00000,0x00000000eaf00000)
 ParOldGen       total 112128K, used 99534K [0x00000000c0000000, 0x00000000c6d80000, 0x00000000eab00000)
  object space 112128K, 88% used [0x00000000c0000000,0x00000000c6133ad8,0x00000000c6d80000)
 Metaspace       used 72135K, capacity 74846K, committed 75096K, reserved 1116160K
  class space    used 6949K, capacity 7992K, committed 8064K, reserved 1048576K
}
Event: 11580.182 GC heap before
{Heap before GC invocations=1796 (full 34):
 PSYoungGen      total 4096K, used 3648K [0x00000000eab00000, 0x00000000eb100000, 0x0000000100000000)
  eden space 2048K, 100% used [0x00000000eab00000,0x00000000ead00000,0x00000000ead00000)
  from space 2048K, 78% used [0x00000000eaf00000,0x00000000eb090000,0x00000000eb100000)
  to   space 2048K, 0% used [0x00000000ead00000,0x00000000ead00000,0x00000000eaf00000)
 ParOldGen       total 112128K, used 99534K [0x00000000c0000000, 0x00000000c6d80000, 0x00000000eab00000)
  object space 112128K, 88% used [0x00000000c0000000,0x00000000c6133ad8,0x00000000c6d80000)
 Metaspace       used 72135K, capacity 74846K, committed 75096K, reserved 1116160K
  class space    used 6949K, capacity 7992K, committed 8064K, reserved 1048576K
}
Event: 11580.188 GC heap after
{Heap after GC invocations=1796 (full 34):
 PSYoungGen      total 4096K, used 1088K [0x00000000eab00000, 0x00000000eb080000, 0x0000000100000000)
  eden space 2048K, 0% used [0x00000000eab00000,0x00000000eab00000,0x00000000ead00000)
  from space 2048K, 53% used [0x00000000ead00000,0x00000000eae10000,0x00000000eaf00000)
  to   space 1536K, 0% used [0x00000000eaf00000,0x00000000eaf00000,0x00000000eb080000)
 ParOldGen       total 112128K, used 101078K [0x00000000c0000000, 0x00000000c6d80000, 0x00000000eab00000)
  object space 112128K, 90% used [0x00000000c0000000,0x00000000c62b5ad8,0x00000000c6d80000)
 Metaspace       used 72135K, capacity 74846K, committed 75096K, reserved 1116160K
  class space    used 6949K, capacity 7992K, committed 8064K, reserved 1048576K
}
Event: 11581.200 GC heap before
{Heap before GC invocations=1797 (full 34):
 PSYoungGen      total 4096K, used 3136K [0x00000000eab00000, 0x00000000eb080000, 0x0000000100000000)
  eden space 2048K, 100% used [0x00000000eab00000,0x00000000ead00000,0x00000000ead00000)
  from space 2048K, 53% used [0x00000000ead00000,0x00000000eae10000,0x00000000eaf00000)
  to   space 1536K, 0% used [0x00000000eaf00000,0x00000000eaf00000,0x00000000eb080000)
 ParOldGen       total 112128K, used 101078K [0x00000000c0000000, 0x00000000c6d80000, 0x00000000eab00000)
  object space 112128K, 90% used [0x00000000c0000000,0x00000000c62b5ad8,0x00000000c6d80000)
 Metaspace       used 72136K, capacity 74846K, committed 75096K, reserved 1116160K
  class space    used 6949K, capacity 7992K, committed 8064K, reserved 1048576K
}
Event: 11581.314 GC heap after
{Heap after GC invocations=1797 (full 34):
 PSYoungGen      total 3072K, used 379K [0x00000000eab00000, 0x00000000eaf80000, 0x0000000100000000)
  eden space 2560K, 0% used [0x00000000eab00000,0x00000000eab00000,0x00000000ead80000)
  from space 512K, 74% used [0x00000000eaf00000,0x00000000eaf5ed80,0x00000000eaf80000)
  to   space 1024K, 0% used [0x00000000ead80000,0x00000000ead80000,0x00000000eae80000)
 ParOldGen       total 112128K, used 101766K [0x00000000c0000000, 0x00000000c6d80000, 0x00000000eab00000)
  object space 112128K, 90% used [0x00000000c0000000,0x00000000c6361ad8,0x00000000c6d80000)
 Metaspace       used 72136K, capacity 74846K, committed 75096K, reserved 1116160K
  class space    used 6949K, capacity 7992K, committed 8064K, reserved 1048576K
}
Event: 11581.342 GC heap before
{Heap before GC invocations=1798 (full 34):
 PSYoungGen      total 3072K, used 2939K [0x00000000eab00000, 0x00000000eaf80000, 0x0000000100000000)
  eden space 2560K, 100% used [0x00000000eab00000,0x00000000ead80000,0x00000000ead80000)
  from space 512K, 74% used [0x00000000eaf00000,0x00000000eaf5ed80,0x00000000eaf80000)
  to   space 1024K, 0% used [0x00000000ead80000,0x00000000ead80000,0x00000000eae80000)
 ParOldGen       total 112128K, used 101766K [0x00000000c0000000, 0x00000000c6d80000, 0x00000000eab00000)
  object space 112128K, 90% used [0x00000000c0000000,0x00000000c6361ad8,0x00000000c6d80000)
 Metaspace       used 72136K, capacity 74846K, committed 75096K, reserved 1116160K
  class space    used 6949K, capacity 7992K, committed 8064K, reserved 1048576K
}
Event: 11581.343 GC heap after
{Heap after GC invocations=1798 (full 34):
 PSYoungGen      total 3584K, used 352K [0x00000000eab00000, 0x00000000eaf80000, 0x0000000100000000)
  eden space 2560K, 0% used [0x00000000eab00000,0x00000000eab00000,0x00000000ead80000)
  from space 1024K, 34% used [0x00000000ead80000,0x00000000eadd8000,0x00000000eae80000)
  to   space 512K, 0% used [0x00000000eaf00000,0x00000000eaf00000,0x00000000eaf80000)
 ParOldGen       total 112128K, used 102039K [0x00000000c0000000, 0x00000000c6d80000, 0x00000000eab00000)
  object space 112128K, 91% used [0x00000000c0000000,0x00000000c63a5cd8,0x00000000c6d80000)
 Metaspace       used 72136K, capacity 74846K, committed 75096K, reserved 1116160K
  class space    used 6949K, capacity 7992K, committed 8064K, reserved 1048576K
}
Event: 11582.005 GC heap before
{Heap before GC invocations=1799 (full 34):
 PSYoungGen      total 3584K, used 2899K [0x00000000eab00000, 0x00000000eaf80000, 0x0000000100000000)
  eden space 2560K, 99% used [0x00000000eab00000,0x00000000ead7ccf0,0x00000000ead80000)
  from space 1024K, 34% used [0x00000000ead80000,0x00000000eadd8000,0x00000000eae80000)
  to   space 512K, 0% used [0x00000000eaf00000,0x00000000eaf00000,0x00000000eaf80000)
 ParOldGen       total 112128K, used 104380K [0x00000000c0000000, 0x00000000c6d80000, 0x00000000eab00000)
  object space 112128K, 93% used [0x00000000c0000000,0x00000000c65ef288,0x00000000c6d80000)
 Metaspace       used 72136K, capacity 74846K, committed 75096K, reserved 1116160K
  class space    used 6949K, capacity 7992K, committed 8064K, reserved 1048576K
}
Event: 11582.035 GC heap after
{Heap after GC invocations=1799 (full 34):
 PSYoungGen      total 3072K, used 493K [0x00000000eab00000, 0x00000000eaf80000, 0x0000000100000000)
  eden space 2560K, 0% used [0x00000000eab00000,0x00000000eab00000,0x00000000ead80000)
  from space 512K, 96% used [0x00000000eaf00000,0x00000000eaf7b670,0x00000000eaf80000)
  to   space 1024K, 0% used [0x00000000ead80000,0x00000000ead80000,0x00000000eae80000)
 ParOldGen       total 112128K, used 104612K [0x00000000c0000000, 0x00000000c6d80000, 0x00000000eab00000)
  object space 112128K, 93% used [0x00000000c0000000,0x00000000c6629288,0x00000000c6d80000)
 Metaspace       used 72136K, capacity 74846K, committed 75096K, reserved 1116160K
  class space    used 6949K, capacity 7992K, committed 8064K, reserved 1048576K
}
Event: 11582.439 GC heap before
{Heap before GC invocations=1800 (full 34):
 PSYoungGen      total 3072K, used 3053K [0x00000000eab00000, 0x00000000eaf80000, 0x0000000100000000)
  eden space 2560K, 100% used [0x00000000eab00000,0x00000000ead80000,0x00000000ead80000)
  from space 512K, 96% used [0x00000000eaf00000,0x00000000eaf7b670,0x00000000eaf80000)
  to   space 1024K, 0% used [0x00000000ead80000,0x00000000ead80000,0x00000000eae80000)
 ParOldGen       total 112128K, used 104612K [0x00000000c0000000, 0x00000000c6d80000, 0x00000000eab00000)
  object space 112128K, 93% used [0x00000000c0000000,0x00000000c6629288,0x00000000c6d80000)
 Metaspace       used 72148K, capacity 74846K, committed 75096K, reserved 1116160K
  class space    used 6949K, capacity 7992K, committed 8064K, reserved 1048576K
}
Event: 11582.443 GC heap after
{Heap after GC invocations=1800 (full 34):
 PSYoungGen      total 3584K, used 1014K [0x00000000eab00000, 0x00000000eb380000, 0x0000000100000000)
  eden space 2560K, 0% used [0x00000000eab00000,0x00000000eab00000,0x00000000ead80000)
  from space 1024K, 99% used [0x00000000ead80000,0x00000000eae7d8a0,0x00000000eae80000)
  to   space 3072K, 0% used [0x00000000eb080000,0x00000000eb080000,0x00000000eb380000)
 ParOldGen       total 112128K, used 105915K [0x00000000c0000000, 0x00000000c6d80000, 0x00000000eab00000)
  object space 112128K, 94% used [0x00000000c0000000,0x00000000c676eea0,0x00000000c6d80000)
 Metaspace       used 72148K, capacity 74846K, committed 75096K, reserved 1116160K
  class space    used 6949K, capacity 7992K, committed 8064K, reserved 1048576K
}
Event: 11582.515 GC heap before
{Heap before GC invocations=1801 (full 34):
 PSYoungGen      total 3584K, used 3574K [0x00000000eab00000, 0x00000000eb380000, 0x0000000100000000)
  eden space 2560K, 100% used [0x00000000eab00000,0x00000000ead80000,0x00000000ead80000)
  from space 1024K, 99% used [0x00000000ead80000,0x00000000eae7d8a0,0x00000000eae80000)
  to   space 3072K, 0% used [0x00000000eb080000,0x00000000eb080000,0x00000000eb380000)
 ParOldGen       total 112128K, used 105915K [0x00000000c0000000, 0x00000000c6d80000, 0x00000000eab00000)
  object space 112128K, 94% used [0x00000000c0000000,0x00000000c676eea0,0x00000000c6d80000)
 Metaspace       used 72149K, capacity 74846K, committed 75096K, reserved 1116160K
  class space    used 6949K, capacity 7992K, committed 8064K, reserved 1048576K
}
Event: 11582.518 GC heap after
{Heap after GC invocations=1801 (full 34):
 PSYoungGen      total 5632K, used 2655K [0x00000000eab00000, 0x00000000eb380000, 0x0000000100000000)
  eden space 2560K, 0% used [0x00000000eab00000,0x00000000eab00000,0x00000000ead80000)
  from space 3072K, 86% used [0x00000000eb080000,0x00000000eb317e40,0x00000000eb380000)
  to   space 3072K, 0% used [0x00000000ead80000,0x00000000ead80000,0x00000000eb080000)
 ParOldGen       total 112128K, used 106972K [0x00000000c0000000, 0x00000000c6d80000, 0x00000000eab00000)
  object space 112128K, 95% used [0x00000000c0000000,0x00000000c6877260,0x00000000c6d80000)
 Metaspace       used 72149K, capacity 74846K, committed 75096K, reserved 1116160K
  class space    used 6949K, capacity 7992K, committed 8064K, reserved 1048576K
}
Event: 11582.638 GC heap before
{Heap before GC invocations=1802 (full 34):
 PSYoungGen      total 5632K, used 5215K [0x00000000eab00000, 0x00000000eb380000, 0x0000000100000000)
  eden space 2560K, 100% used [0x00000000eab00000,0x00000000ead80000,0x00000000ead80000)
  from space 3072K, 86% used [0x00000000eb080000,0x00000000eb317e40,0x00000000eb380000)
  to   space 3072K, 0% used [0x00000000ead80000,0x00000000ead80000,0x00000000eb080000)
 ParOldGen       total 112128K, used 106972K [0x00000000c0000000, 0x00000000c6d80000, 0x00000000eab00000)
  object space 112128K, 95% used [0x00000000c0000000,0x00000000c6877260,0x00000000c6d80000)
 Metaspace       used 72150K, capacity 74846K, committed 75096K, reserved 1116160K
  class space    used 6949K, capacity 7992K, committed 8064K, reserved 1048576K
}
Event: 11582.644 GC heap after
{Heap after GC invocations=1802 (full 34):
 PSYoungGen      total 4608K, used 1908K [0x00000000eab00000, 0x00000000eb280000, 0x0000000100000000)
  eden space 2560K, 0% used [0x00000000eab00000,0x00000000eab00000,0x00000000ead80000)
  from space 2048K, 93% used [0x00000000ead80000,0x00000000eaf5d3d8,0x00000000eaf80000)
  to   space 2560K, 0% used [0x00000000eb000000,0x00000000eb000000,0x00000000eb280000)
 ParOldGen       total 112128K, used 109206K [0x00000000c0000000, 0x00000000c6d80000, 0x00000000eab00000)
  object space 112128K, 97% used [0x00000000c0000000,0x00000000c6aa58c8,0x00000000c6d80000)
 Metaspace       used 72150K, capacity 74846K, committed 75096K, reserved 1116160K
  class space    used 6949K, capacity 7992K, committed 8064K, reserved 1048576K
}
Event: 11582.716 GC heap before
{Heap before GC invocations=1803 (full 34):
 PSYoungGen      total 4608K, used 4468K [0x00000000eab00000, 0x00000000eb280000, 0x0000000100000000)
  eden space 2560K, 100% used [0x00000000eab00000,0x00000000ead80000,0x00000000ead80000)
  from space 2048K, 93% used [0x00000000ead80000,0x00000000eaf5d3d8,0x00000000eaf80000)
  to   space 2560K, 0% used [0x00000000eb000000,0x00000000eb000000,0x00000000eb280000)
 ParOldGen       total 112128K, used 109206K [0x00000000c0000000, 0x00000000c6d80000, 0x00000000eab00000)
  object space 112128K, 97% used [0x00000000c0000000,0x00000000c6aa58c8,0x00000000c6d80000)
 Metaspace       used 72154K, capacity 74846K, committed 75096K, reserved 1116160K
  class space    used 6949K, capacity 7992K, committed 8064K, reserved 1048576K
}
Event: 11582.741 GC heap after
{Heap after GC invocations=1803 (full 34):
 PSYoungGen      total 4608K, used 1832K [0x00000000eab00000, 0x00000000eb200000, 0x0000000100000000)
  eden space 2560K, 0% used [0x00000000eab00000,0x00000000eab00000,0x00000000ead80000)
  from space 2048K, 89% used [0x00000000eb000000,0x00000000eb1ca140,0x00000000eb200000)
  to   space 2048K, 0% used [0x00000000ead80000,0x00000000ead80000,0x00000000eaf80000)
 ParOldGen       total 112128K, used 111060K [0x00000000c0000000, 0x00000000c6d80000, 0x00000000eab00000)
  object space 112128K, 99% used [0x00000000c0000000,0x00000000c6c75068,0x00000000c6d80000)
 Metaspace       used 72154K, capacity 74846K, committed 75096K, reserved 1116160K
  class space    used 6949K, capacity 7992K, committed 8064K, reserved 1048576K
}
Event: 11582.741 GC heap before
{Heap before GC invocations=1804 (full 35):
 PSYoungGen      total 4608K, used 1832K [0x00000000eab00000, 0x00000000eb200000, 0x0000000100000000)
  eden space 2560K, 0% used [0x00000000eab00000,0x00000000eab00000,0x00000000ead80000)
  from space 2048K, 89% used [0x00000000eb000000,0x00000000eb1ca140,0x00000000eb200000)
  to   space 2048K, 0% used [0x00000000ead80000,0x00000000ead80000,0x00000000eaf80000)
 ParOldGen       total 112128K, used 111060K [0x00000000c0000000, 0x00000000c6d80000, 0x00000000eab00000)
  object space 112128K, 99% used [0x00000000c0000000,0x00000000c6c75068,0x00000000c6d80000)
 Metaspace       used 72154K, capacity 74846K, committed 75096K, reserved 1116160K
  class space    used 6949K, capacity 7992K, committed 8064K, reserved 1048576K
}

Deoptimization events (20 events):
Event: 7101.204 Thread 0x000001bc9f3b22c0 DEOPT PACKING pc=0x000001bc908656ec sp=0x0000002f9ecfe600
Event: 7101.204 Thread 0x000001bc9f3b22c0 DEOPT UNPACKING pc=0x000001bc881ae42f sp=0x0000002f9ecfe590 mode 2
Event: 7101.220 Thread 0x000001bc9f3b22c0 Uncommon trap: trap_request=0xffffffd6 fr.pc=0x000001bc908656ec relative=0x00000000000001cc
Event: 7101.220 Thread 0x000001bc9f3b22c0 Uncommon trap: reason=array_check action=maybe_recompile pc=0x000001bc908656ec method=java.util.Arrays.fill([Ljava/lang/Object;Ljava/lang/Object;)V @ 13 c2
Event: 7101.220 Thread 0x000001bc9f3b22c0 DEOPT PACKING pc=0x000001bc908656ec sp=0x0000002f9ecfe600
Event: 7101.220 Thread 0x000001bc9f3b22c0 DEOPT UNPACKING pc=0x000001bc881ae42f sp=0x0000002f9ecfe590 mode 2
Event: 7101.266 Thread 0x000001bc9f3b22c0 DEOPT PACKING pc=0x000001bc89603473 sp=0x0000002f9ecfde00
Event: 7101.266 Thread 0x000001bc9f3b22c0 DEOPT UNPACKING pc=0x000001bc881ae23f sp=0x0000002f9ecfd2f0 mode 0
Event: 11582.426 Thread 0x000001bca45d6020 Uncommon trap: trap_request=0xffffffcc fr.pc=0x000001bc906852f0 relative=0x0000000000001170
Event: 11582.426 Thread 0x000001bca45d6020 Uncommon trap: reason=intrinsic_or_type_checked_inlining action=make_not_entrant pc=0x000001bc906852f0 method=org.eclipse.jdt.internal.compiler.parser.Parser.dispatchDeclarationInto(I)V @ 375 c2
Event: 11582.426 Thread 0x000001bca45d6020 DEOPT PACKING pc=0x000001bc906852f0 sp=0x0000002f9f8fdbc0
Event: 11582.428 Thread 0x000001bca45d6020 DEOPT UNPACKING pc=0x000001bc881ae42f sp=0x0000002f9f8fdb48 mode 2
Event: 11582.448 Thread 0x000001bca45d6020 Uncommon trap: trap_request=0xffffffcc fr.pc=0x000001bc9059913c relative=0x000000000000215c
Event: 11582.448 Thread 0x000001bca45d6020 Uncommon trap: reason=intrinsic_or_type_checked_inlining action=make_not_entrant pc=0x000001bc9059913c method=org.eclipse.jdt.internal.compiler.parser.Parser.consumeEnterVariable()V @ 431 c2
Event: 11582.448 Thread 0x000001bca45d6020 DEOPT PACKING pc=0x000001bc9059913c sp=0x0000002f9f8fdbc0
Event: 11582.448 Thread 0x000001bca45d6020 DEOPT UNPACKING pc=0x000001bc881ae42f sp=0x0000002f9f8fdb58 mode 2
Event: 11582.540 Thread 0x000001bca45d6020 Uncommon trap: trap_request=0xffffff45 fr.pc=0x000001bc902462e4 relative=0x0000000000000b24
Event: 11582.540 Thread 0x000001bca45d6020 Uncommon trap: reason=unstable_if action=reinterpret pc=0x000001bc902462e4 method=org.eclipse.jdt.internal.compiler.parser.Parser.consumeFormalParameter(Z)V @ 120 c2
Event: 11582.540 Thread 0x000001bca45d6020 DEOPT PACKING pc=0x000001bc902462e4 sp=0x0000002f9f8fdc00
Event: 11582.540 Thread 0x000001bca45d6020 DEOPT UNPACKING pc=0x000001bc881ae42f sp=0x0000002f9f8fdb68 mode 2

Classes unloaded (20 events):
Event: 6227.479 Thread 0x000001bcfffaec50 Unloading class 0x0000000800ca8840 'java/lang/invoke/LambdaForm$MH+0x0000000800ca8840'
Event: 6227.479 Thread 0x000001bcfffaec50 Unloading class 0x0000000800ca9440 'java/lang/invoke/LambdaForm$MH+0x0000000800ca9440'
Event: 6227.479 Thread 0x000001bcfffaec50 Unloading class 0x0000000800ca9040 'java/lang/invoke/LambdaForm$MH+0x0000000800ca9040'
Event: 6227.479 Thread 0x000001bcfffaec50 Unloading class 0x0000000800c1dc40 'java/lang/invoke/LambdaForm$MH+0x0000000800c1dc40'
Event: 6227.479 Thread 0x000001bcfffaec50 Unloading class 0x0000000800c1e440 'java/lang/invoke/LambdaForm$MH+0x0000000800c1e440'
Event: 6227.479 Thread 0x000001bcfffaec50 Unloading class 0x0000000800c1e040 'java/lang/invoke/LambdaForm$MH+0x0000000800c1e040'
Event: 6227.479 Thread 0x000001bcfffaec50 Unloading class 0x0000000800c1ec40 'java/lang/invoke/LambdaForm$MH+0x0000000800c1ec40'
Event: 6227.479 Thread 0x000001bcfffaec50 Unloading class 0x0000000800c1f440 'java/lang/invoke/LambdaForm$MH+0x0000000800c1f440'
Event: 6227.479 Thread 0x000001bcfffaec50 Unloading class 0x0000000800c1f040 'java/lang/invoke/LambdaForm$MH+0x0000000800c1f040'
Event: 6227.479 Thread 0x000001bcfffaec50 Unloading class 0x0000000800c1fc40 'java/lang/invoke/LambdaForm$MH+0x0000000800c1fc40'
Event: 6227.479 Thread 0x000001bcfffaec50 Unloading class 0x0000000800c18440 'java/lang/invoke/LambdaForm$MH+0x0000000800c18440'
Event: 6227.479 Thread 0x000001bcfffaec50 Unloading class 0x0000000800be6c40 'jdk/internal/reflect/GeneratedConstructorAccessor2'
Event: 6227.479 Thread 0x000001bcfffaec50 Unloading class 0x0000000800be0840 'jdk/internal/reflect/GeneratedMethodAccessor5'
Event: 6227.479 Thread 0x000001bcfffaec50 Unloading class 0x0000000800be0440 'jdk/internal/reflect/GeneratedMethodAccessor4'
Event: 6227.479 Thread 0x000001bcfffaec50 Unloading class 0x0000000800be0040 'jdk/internal/reflect/GeneratedMethodAccessor3'
Event: 6227.479 Thread 0x000001bcfffaec50 Unloading class 0x0000000800bb5440 'jdk/internal/reflect/GeneratedMethodAccessor2'
Event: 6227.479 Thread 0x000001bcfffaec50 Unloading class 0x0000000800bb5040 'jdk/internal/reflect/GeneratedMethodAccessor1'
Event: 6227.479 Thread 0x000001bcfffaec50 Unloading class 0x0000000800bb7440 'java/lang/invoke/LambdaForm$DMH+0x0000000800bb7440'
Event: 6227.479 Thread 0x000001bcfffaec50 Unloading class 0x0000000800bb7c40 'java/lang/invoke/LambdaForm$DMH+0x0000000800bb7c40'
Event: 6227.479 Thread 0x000001bcfffaec50 Unloading class 0x0000000800bb2440 'jdk/internal/reflect/GeneratedConstructorAccessor1'

Classes redefined (0 events):
No events

Internal exceptions (20 events):
Event: 6884.821 Thread 0x000001bc9f3b22c0 Exception <a 'java/lang/ArrayIndexOutOfBoundsException'{0x00000000eac636a0}> (0x00000000eac636a0) 
thrown [./open/src/hotspot/share/runtime/sharedRuntime.cpp, line 585]
Event: 6884.830 Thread 0x000001bc9f3b22c0 Exception <a 'java/lang/ArrayIndexOutOfBoundsException'{0x00000000ead59640}> (0x00000000ead59640) 
thrown [./open/src/hotspot/share/runtime/sharedRuntime.cpp, line 585]
Event: 6884.830 Thread 0x000001bc9f3b22c0 Exception <a 'java/lang/ArrayIndexOutOfBoundsException'{0x00000000ead59eb0}> (0x00000000ead59eb0) 
thrown [./open/src/hotspot/share/runtime/sharedRuntime.cpp, line 585]
Event: 6884.830 Thread 0x000001bc9f3b22c0 Exception <a 'java/lang/ArrayIndexOutOfBoundsException'{0x00000000ead5a720}> (0x00000000ead5a720) 
thrown [./open/src/hotspot/share/runtime/sharedRuntime.cpp, line 585]
Event: 6884.838 Thread 0x000001bc9f3b22c0 Exception <a 'java/lang/ArrayIndexOutOfBoundsException'{0x00000000eab32e00}> (0x00000000eab32e00) 
thrown [./open/src/hotspot/share/runtime/sharedRuntime.cpp, line 585]
Event: 6884.841 Thread 0x000001bc9f3b22c0 Exception <a 'java/lang/ArrayIndexOutOfBoundsException'{0x00000000eabbf328}> (0x00000000eabbf328) 
thrown [./open/src/hotspot/share/runtime/sharedRuntime.cpp, line 585]
Event: 6884.849 Thread 0x000001bc9f3b22c0 Exception <a 'java/lang/ArrayIndexOutOfBoundsException'{0x00000000ead23320}> (0x00000000ead23320) 
thrown [./open/src/hotspot/share/runtime/sharedRuntime.cpp, line 585]
Event: 6884.849 Thread 0x000001bc9f3b22c0 Exception <a 'java/lang/ArrayIndexOutOfBoundsException'{0x00000000ead23b90}> (0x00000000ead23b90) 
thrown [./open/src/hotspot/share/runtime/sharedRuntime.cpp, line 585]
Event: 6884.849 Thread 0x000001bc9f3b22c0 Exception <a 'java/lang/ArrayIndexOutOfBoundsException'{0x00000000ead24400}> (0x00000000ead24400) 
thrown [./open/src/hotspot/share/runtime/sharedRuntime.cpp, line 585]
Event: 6884.858 Thread 0x000001bc9f3b22c0 Exception <a 'java/lang/ArrayIndexOutOfBoundsException'{0x00000000eab4d928}> (0x00000000eab4d928) 
thrown [./open/src/hotspot/share/runtime/sharedRuntime.cpp, line 585]
Event: 6884.858 Thread 0x000001bc9f3b22c0 Exception <a 'java/lang/ArrayIndexOutOfBoundsException'{0x00000000eab4e198}> (0x00000000eab4e198) 
thrown [./open/src/hotspot/share/runtime/sharedRuntime.cpp, line 585]
Event: 6884.858 Thread 0x000001bc9f3b22c0 Exception <a 'java/lang/ArrayIndexOutOfBoundsException'{0x00000000eab4ea08}> (0x00000000eab4ea08) 
thrown [./open/src/hotspot/share/runtime/sharedRuntime.cpp, line 585]
Event: 6890.483 Thread 0x000001bc9d0109a0 Implicit null exception at 0x000001bc9029d8a0 to 0x000001bc902a1b58
Event: 6904.054 Thread 0x000001bca45d6020 Exception <a 'java/lang/ArrayIndexOutOfBoundsException'{0x00000000eb408018}: Index 0 out of bounds for length 0> (0x00000000eb408018) 
thrown [./open/src/hotspot/share/interpreter/interpreterRuntime.cpp, line 443]
Event: 6942.374 Thread 0x000001bca45d81d0 Implicit null exception at 0x000001bc90093a60 to 0x000001bc90093e48
Event: 6942.393 Thread 0x000001bca45d81d0 Exception <a 'java/lang/NoSuchMethodError'{0x00000000ead01730}: 'java.lang.Object java.lang.invoke.DirectMethodHandle$Holder.newInvokeSpecial(java.lang.Object, java.lang.Object, java.lang.Object, java.lang.Object, java.lang.Object, java.lang.Object, java.lang.Object, java.lang.Object)'> (0x00000000ead01730) 
thrown [./open/src/hotspot/share/interpreter/linkResolver.cpp, line 782]
Event: 6942.393 Thread 0x000001bca45d81d0 Exception <a 'java/lang/NoSuchMethodError'{0x00000000ead06910}: 'java.lang.Object java.lang.invoke.DirectMethodHandle$Holder.invokeSpecial(java.lang.Object, java.lang.Object, java.lang.Object, java.lang.Object, java.lang.Object, java.lang.Object, java.lang.Object, java.lang.Object, java.lang.Object)'> (0x00000000ead06910) 
thrown [./open/src/hotspot/share/interpreter/linkResolver.cpp, line 782]
Event: 6942.394 Thread 0x000001bca45d81d0 Exception <a 'java/lang/NoSuchMethodError'{0x00000000ead0b738}: 'java.lang.Object java.lang.invoke.Invokers$Holder.linkToTargetMethod(java.lang.Object, java.lang.Object, java.lang.Object, java.lang.Object, java.lang.Object, java.lang.Object, java.lang.Object, java.lang.Object)'> (0x00000000ead0b738) 
thrown [./open/src/hotspot/share/interpreter/linkResolver.cpp, line 782]
Event: 7024.434 Thread 0x000001bca45d9510 Exception <a 'java/lang/ArrayIndexOutOfBoundsException'{0x00000000eac59d80}: Index 0 out of bounds for length 0> (0x00000000eac59d80) 
thrown [./open/src/hotspot/share/interpreter/interpreterRuntime.cpp, line 443]
Event: 7062.504 Thread 0x000001bc9f3b0ab0 Implicit null exception at 0x000001bc90252acf to 0x000001bc90252e9c

Events (20 events):
Event: 11580.182 Executing VM operation: ParallelGCFailedAllocation
Event: 11580.188 Executing VM operation: ParallelGCFailedAllocation done
Event: 11581.180 Executing VM operation: ParallelGCFailedAllocation
Event: 11581.314 Executing VM operation: ParallelGCFailedAllocation done
Event: 11581.341 Executing VM operation: ParallelGCFailedAllocation
Event: 11581.343 Executing VM operation: ParallelGCFailedAllocation done
Event: 11582.005 Executing VM operation: ParallelGCFailedAllocation
Event: 11582.035 Executing VM operation: ParallelGCFailedAllocation done
Event: 11582.410 Thread 0x000001bca3372070 Thread added: 0x000001bca3372070
Event: 11582.423 Thread 0x000001bca33734b0 Thread added: 0x000001bca33734b0
Event: 11582.439 Executing VM operation: ParallelGCFailedAllocation
Event: 11582.443 Executing VM operation: ParallelGCFailedAllocation done
Event: 11582.448 Executing VM operation: HandshakeAllThreads
Event: 11582.469 Executing VM operation: HandshakeAllThreads done
Event: 11582.491 Executing VM operation: ParallelGCFailedAllocation
Event: 11582.518 Executing VM operation: ParallelGCFailedAllocation done
Event: 11582.543 Thread 0x000001bca33734b0 Thread exited: 0x000001bca33734b0
Event: 11582.625 Executing VM operation: ParallelGCFailedAllocation
Event: 11582.644 Executing VM operation: ParallelGCFailedAllocation done
Event: 11582.681 Executing VM operation: ParallelGCFailedAllocation


Dynamic libraries:
0x00007ff62a5f0000 - 0x00007ff62a5fd000 	C:\Program Files\Java\jdk-15.0.2\bin\java.exe
0x00007ff80c350000 - 0x00007ff80c546000 	C:\WINDOWS\SYSTEM32\ntdll.dll
0x00007ff80ab60000 - 0x00007ff80ac1d000 	C:\WINDOWS\System32\KERNEL32.DLL
0x00007ff809ca0000 - 0x00007ff809f69000 	C:\WINDOWS\System32\KERNELBASE.dll
0x00007ff809f70000 - 0x00007ff80a070000 	C:\WINDOWS\System32\ucrtbase.dll
0x00007fffd6330000 - 0x00007fffd6348000 	C:\Program Files\Java\jdk-15.0.2\bin\jli.dll
0x00007fffd5f10000 - 0x00007fffd5f29000 	C:\Program Files\Java\jdk-15.0.2\bin\VCRUNTIME140.dll
0x00007ff80beb0000 - 0x00007ff80c050000 	C:\WINDOWS\System32\USER32.dll
0x00007ff80a070000 - 0x00007ff80a092000 	C:\WINDOWS\System32\win32u.dll
0x00007ffff9340000 - 0x00007ffff95db000 	C:\WINDOWS\WinSxS\amd64_microsoft.windows.common-controls_6595b64144ccf1df_6.0.19041.746_none_ca02b4b61b8320a4\COMCTL32.dll
0x00007ff80b480000 - 0x00007ff80b4aa000 	C:\WINDOWS\System32\GDI32.dll
0x00007ff80b0d0000 - 0x00007ff80b16e000 	C:\WINDOWS\System32\msvcrt.dll
0x00007ff80a220000 - 0x00007ff80a32b000 	C:\WINDOWS\System32\gdi32full.dll
0x00007ff80a120000 - 0x00007ff80a1bd000 	C:\WINDOWS\System32\msvcp_win.dll
0x00007ff80b450000 - 0x00007ff80b480000 	C:\WINDOWS\System32\IMM32.DLL
0x00007fffefeb0000 - 0x00007fffefebc000 	C:\Program Files\Java\jdk-15.0.2\bin\vcruntime140_1.dll
0x00007fffbeda0000 - 0x00007fffbee31000 	C:\Program Files\Java\jdk-15.0.2\bin\msvcp140.dll
0x00007fff8dda0000 - 0x00007fff8e8fe000 	C:\Program Files\Java\jdk-15.0.2\bin\server\jvm.dll
0x00007ff80c050000 - 0x00007ff80c0fc000 	C:\WINDOWS\System32\ADVAPI32.dll
0x00007ff80b170000 - 0x00007ff80b20c000 	C:\WINDOWS\System32\sechost.dll
0x00007ff80b8b0000 - 0x00007ff80b9db000 	C:\WINDOWS\System32\RPCRT4.dll
0x00007ff80b2a0000 - 0x00007ff80b2a8000 	C:\WINDOWS\System32\PSAPI.DLL
0x00007ffff75c0000 - 0x00007ffff75c9000 	C:\WINDOWS\SYSTEM32\WSOCK32.dll
0x00007ffffdad0000 - 0x00007ffffdaf7000 	C:\WINDOWS\SYSTEM32\WINMM.dll
0x00007ff803dc0000 - 0x00007ff803dca000 	C:\WINDOWS\SYSTEM32\VERSION.dll
0x00007ff80b230000 - 0x00007ff80b29b000 	C:\WINDOWS\System32\WS2_32.dll
0x00007ff808360000 - 0x00007ff808372000 	C:\WINDOWS\SYSTEM32\kernel.appcore.dll
0x00007fffef4e0000 - 0x00007fffef4ea000 	C:\Program Files\Java\jdk-15.0.2\bin\jimage.dll
0x00007ff808010000 - 0x00007ff8081f4000 	C:\WINDOWS\SYSTEM32\DBGHELP.DLL
0x00007fffeba90000 - 0x00007fffebabc000 	C:\WINDOWS\SYSTEM32\dbgcore.DLL
0x00007ff80a0a0000 - 0x00007ff80a120000 	C:\WINDOWS\System32\bcryptPrimitives.dll
0x00007fffd2f30000 - 0x00007fffd2f55000 	C:\Program Files\Java\jdk-15.0.2\bin\java.dll
0x00007ff80a3b0000 - 0x00007ff80aaf3000 	C:\WINDOWS\System32\SHELL32.dll
0x00007ff807880000 - 0x00007ff80800f000 	C:\WINDOWS\SYSTEM32\windows.storage.dll
0x00007ff80ac30000 - 0x00007ff80af86000 	C:\WINDOWS\System32\combase.dll
0x00007ff809420000 - 0x00007ff80944c000 	C:\WINDOWS\SYSTEM32\Wldp.dll
0x00007ff80af90000 - 0x00007ff80b03e000 	C:\WINDOWS\System32\SHCORE.dll
0x00007ff80b3f0000 - 0x00007ff80b445000 	C:\WINDOWS\System32\shlwapi.dll
0x00007ff8099c0000 - 0x00007ff8099e6000 	C:\WINDOWS\SYSTEM32\profapi.dll
0x00007fffd2940000 - 0x00007fffd2959000 	C:\Program Files\Java\jdk-15.0.2\bin\net.dll
0x00007ffffe690000 - 0x00007ffffe790000 	C:\WINDOWS\SYSTEM32\WINHTTP.dll
0x00007ff809210000 - 0x00007ff80927a000 	C:\WINDOWS\system32\mswsock.dll
0x00007fffd13b0000 - 0x00007fffd13c2000 	C:\Program Files\Java\jdk-15.0.2\bin\nio.dll
0x00007fffcdcc0000 - 0x00007fffcdcd8000 	C:\Program Files\Java\jdk-15.0.2\bin\zip.dll
0x00007ff809460000 - 0x00007ff809478000 	C:\WINDOWS\SYSTEM32\CRYPTSP.dll
0x00007ff808b60000 - 0x00007ff808b94000 	C:\WINDOWS\system32\rsaenh.dll
0x00007ff80a380000 - 0x00007ff80a3a7000 	C:\WINDOWS\System32\bcrypt.dll
0x00007ff809980000 - 0x00007ff8099ae000 	C:\WINDOWS\SYSTEM32\USERENV.dll
0x00007ff809390000 - 0x00007ff80939c000 	C:\WINDOWS\SYSTEM32\CRYPTBASE.dll
0x00007ff808ed0000 - 0x00007ff808f0b000 	C:\WINDOWS\SYSTEM32\IPHLPAPI.DLL
0x00007ff80ac20000 - 0x00007ff80ac28000 	C:\WINDOWS\System32\NSI.dll
0x00007ff802190000 - 0x00007ff8021a7000 	C:\WINDOWS\SYSTEM32\dhcpcsvc6.DLL
0x00007ff801350000 - 0x00007ff80136d000 	C:\WINDOWS\SYSTEM32\dhcpcsvc.DLL
0x00007ff808f20000 - 0x00007ff808feb000 	C:\WINDOWS\SYSTEM32\DNSAPI.dll
0x00007fffcb520000 - 0x00007fffcb54a000 	C:\Users\Owner\AppData\Roaming\Code\User\globalStorage\redhat.java\0.74.0\config_win\org.eclipse.equinox.launcher\org.eclipse.equinox.launcher.win32.win32.x86_64_1.2.0.v20200915-1442\eclipse_11100.dll
0x00007fffdef60000 - 0x00007fffdef70000 	C:\Program Files\Java\jdk-15.0.2\bin\verify.dll
0x00007fffcdaa0000 - 0x00007fffcdab1000 	C:\Users\Owner\AppData\Roaming\Code\User\globalStorage\redhat.java\0.74.0\config_win\org.eclipse.osgi\23\0\.cp\jWinHttp-1.0.0.dll
0x00007ff80b4b0000 - 0x00007ff80b5da000 	C:\WINDOWS\System32\ole32.dll
0x00007fffde220000 - 0x00007fffde22d000 	C:\Program Files\Java\jdk-15.0.2\bin\sunmscapi.dll
0x00007ff809a90000 - 0x00007ff809be6000 	C:\WINDOWS\System32\CRYPT32.dll
0x00007ff809560000 - 0x00007ff809587000 	C:\WINDOWS\SYSTEM32\ncrypt.dll
0x00007ff809520000 - 0x00007ff80955b000 	C:\WINDOWS\SYSTEM32\NTASN1.dll

dbghelp: loaded successfully - version: 4.0.5 - missing functions: none
symbol engine: initialized successfully - sym options: 0x614 - pdb path: .;C:\Program Files\Java\jdk-15.0.2\bin;C:\WINDOWS\SYSTEM32;C:\WINDOWS\WinSxS\amd64_microsoft.windows.common-controls_6595b64144ccf1df_6.0.19041.746_none_ca02b4b61b8320a4;C:\Program Files\Java\jdk-15.0.2\bin\server;C:\Users\Owner\AppData\Roaming\Code\User\globalStorage\redhat.java\0.74.0\config_win\org.eclipse.equinox.launcher\org.eclipse.equinox.launcher.win32.win32.x86_64_1.2.0.v20200915-1442;C:\Users\Owner\AppData\Roaming\Code\User\globalStorage\redhat.java\0.74.0\config_win\org.eclipse.osgi\23\0\.cp

VM Arguments:
jvm_args: --add-modules=ALL-SYSTEM --add-opens=java.base/java.util=ALL-UNNAMED --add-opens=java.base/java.lang=ALL-UNNAMED -Declipse.application=org.eclipse.jdt.ls.core.id1 -Dosgi.bundles.defaultStartLevel=4 -Declipse.product=org.eclipse.jdt.ls.core.product -Dfile.encoding=utf8 -DwatchParentProcess=false -XX:+UseParallelGC -XX:GCTimeRatio=4 -XX:AdaptiveSizePolicyWeight=90 -Dsun.zip.disableMemoryMapping=true -Xmx1G -Xms100m 
java_command: c:\Users\Owner\.vscode\extensions\redhat.java-0.74.0\server\plugins\org.eclipse.equinox.launcher_1.6.0.v20200915-1508.jar -configuration c:\Users\Owner\AppData\Roaming\Code\User\globalStorage\redhat.java\0.74.0\config_win -data c:\Users\Owner\AppData\Roaming\Code\User\workspaceStorage\5c16b73229cd9124416035a6bde215f1\redhat.java\jdt_ws
java_class_path (initial): c:\Users\Owner\.vscode\extensions\redhat.java-0.74.0\server\plugins\org.eclipse.equinox.launcher_1.6.0.v20200915-1508.jar
Launcher Type: SUN_STANDARD

[Global flags]
    uintx AdaptiveSizePolicyWeight                 = 90                                        {product} {command line}
     intx CICompilerCount                          = 4                                         {product} {ergonomic}
    uintx GCTimeRatio                              = 4                                         {product} {command line}
   size_t InitialHeapSize                          = 104857600                                 {product} {command line}
   size_t MaxHeapSize                              = 1073741824                                {product} {command line}
   size_t MaxNewSize                               = 357564416                                 {product} {ergonomic}
   size_t MinHeapDeltaBytes                        = 524288                                    {product} {ergonomic}
   size_t MinHeapSize                              = 104857600                                 {product} {command line}
   size_t NewSize                                  = 34603008                                  {product} {ergonomic}
    uintx NonNMethodCodeHeapSize                   = 5839372                                {pd product} {ergonomic}
    uintx NonProfiledCodeHeapSize                  = 122909434                              {pd product} {ergonomic}
   size_t OldSize                                  = 70254592                                  {product} {ergonomic}
    uintx ProfiledCodeHeapSize                     = 122909434                              {pd product} {ergonomic}
    uintx ReservedCodeCacheSize                    = 251658240                              {pd product} {ergonomic}
     bool SegmentedCodeCache                       = true                                      {product} {ergonomic}
   size_t SoftMaxHeapSize                          = 1073741824                             {manageable} {ergonomic}
     bool UseCompressedClassPointers               = true                                 {lp64_product} {ergonomic}
     bool UseCompressedOops                        = true                                 {lp64_product} {ergonomic}
     bool UseLargePagesIndividualAllocation        = false                                  {pd product} {ergonomic}
     bool UseParallelGC                            = true                                      {product} {command line}

Logging:
Log output configuration:
 #0: stdout all=warning uptime,level,tags
 #1: stderr all=off uptime,level,tags

Environment Variables:
JAVA_HOME=C:\Program Files\Java\jdk-15.0.2
PATH=C:\Program Files\Java\jdk-15.0.2\bin;C:\Program Files (x86)\Common Files\Oracle\Java\javapath;C:\Windows\system32;C:\Windows;C:\Windows\System32\Wbem;C:\Windows\System32\WindowsPowerShell\v1.0\;C:\Windows\System32\OpenSSH\;C:\Program Files (x86)\NVIDIA Corporation\PhysX\Common;C:\Program Files\NVIDIA Corporation\NVIDIA NvDLISR;C:\Program Files\Git\cmd;C:\WINDOWS\system32;C:\WINDOWS;C:\WINDOWS\System32\Wbem;C:\WINDOWS\System32\WindowsPowerShell\v1.0\;C:\WINDOWS\System32\OpenSSH\;C:\Program Files\Intel\WiFi\bin\;C:\Program Files\Common Files\Intel\WirelessCommon\;C:\Program Files\MySQL\MySQL Server 5.7\bin\mysql.exe;C:\Maven\apache-maven-3.6.3\bin;C:\Program Files\Docker\Docker\resources\bin;C:\ProgramData\DockerDesktop\version-bin;C:\MinGW\bin;C:\Program Files (x86)\Windows Kits\10\Windows Performance Toolkit\;C:\Program Files (x86)\GtkSharp\2.12\bin;C:\Program Files\dotnet\;C:\Program Files\Java\jdk-15.0.2\bin;C:\Ruby26-x64\bin;C:\Users\Owner\AppData\Local\Microsoft\WindowsApps;C:\Program Files\Intel\WiFi\bin\;C:\Program Files\Common Files\Intel\WirelessCommon\;C:\Users\Owner\AppData\Local\GitHubDesktop\bin;C:\Users\Owner\AppData\Local\Microsoft\WindowsApps;C:\Users\Owner\Desktop\apache-maven-3.6.3\bin;C:\Program Files\MySQL\MySQL Server 5.7\bin\mysql.exe;C:\Users\Owner\AppData\Local\Programs\Python\Python38-32;C:\Users\Owner\AppData\Local\Programs\Python\Python38-32\Scripts;C:\Users\Owner\AppData\Local\Programs\Microsoft VS Code\bin;C:\Program Files\JetBrains\IntelliJ IDEA 2020.2.3\bin;;C:\Users\Owner\.dotnet\tools;
USERNAME=Owner
OS=Windows_NT
PROCESSOR_IDENTIFIER=Intel64 Family 6 Model 158 Stepping 9, GenuineIntel



---------------  S Y S T E M  ---------------

OS:
 Windows 10 , 64 bit Build 19041 (10.0.19041.662)
OS uptime: 1 days 3:41 hours
HyperV virtualization detected

CPU: total 8 (initial active 8) (4 cores per cpu, 2 threads per core) family 6 model 158 stepping 9 microcode 0xb4, cmov, cx8, fxsr, mmx, sse, sse2, sse3, ssse3, sse4.1, sse4.2, popcnt, vzeroupper, avx, avx2, aes, clmul, erms, 3dnowpref, lzcnt, ht, tsc, tscinvbit, bmi1, bmi2, adx, fma, clflush, clflushopt

Memory: 4k page, system-wide physical 16250M (10819M free)
TotalPageFile size 27514M (AvailPageFile size 16833M)
current process WorkingSet (physical memory assigned to process): 203M, peak: 389M
current process commit charge ("private bytes"): 408M, peak: 454M

vm_info: OpenJDK 64-Bit Server VM (15.0.2+7-27) for windows-amd64 JRE (15.0.2+7-27), built on Dec  7 2020 20:02:38 by "mach5one" with unknown MS VC++:1925

END.
